<?xml version="1.0" encoding="UTF-8"?>
<testsuites tests="1" failures="1" disabled="0" errors="0" time="0.001" name="Failure">
  <testsuite name="Test" tests="6" failures="1" disabled="0" errors="0" time="0.001">
    <testcase name="Test" status="run" time="0" classname="Fails">
      <failure message="error" type=""><![CDATA[error.cpp:01
      Expected: true
      Which is: false >]]></failure>
    </testcase>
  </testsuite>
</testsuites>
